<?xml version="1.0" encoding="UTF-8" ?>
<testsuite tests="2" failures="0" name="com.example.dispatch.DispatchSimulationIntegrationTest" time="0.002" errors="0" skipped="0">
  <properties>
[...]
</properties>
  <testcase classname="com.example.dispatch.DispatchSimulationIntegrationTest" name="com.example.dispatch.DispatchSimulationIntegrationTest.testComprehensiveAnalysisIntegration" time="0.002"/>
  <testcase classname="com.example.dispatch.DispatchSimulationIntegrationTest" name="com.example.dispatch.DispatchSimulationIntegrationTest.testDataPreparationIntegration" time="0"/>
</testsuite>